<?xml version="1.0" encoding="UTF-8"?>
<!-- Generated by org.testng.reporters.JUnitXMLReporter -->
<testsuite ignored="0" hostname="Kamran_DELL_PC" failures="0" tests="3" name="Default test" time="3.42" errors="0" timestamp="2023-01-26T03:33:14 EST">
  <testcase classname="com.artoftesting.test.SauceDemoLoginTest" name="loginTest" time="0.308"/>
  <testcase classname="com.artoftesting.test.SauceDemoLoginTest" name="tempTest" time="0.007"/>
  <testcase classname="com.artoftesting.test.SauceDemoLoginTest" name="tempTest" time="0.002"/>
</testsuite> <!-- Default test -->
