<?xml version="1.0" encoding="UTF-8"?>
<testng-results ignored="0" total="3" passed="3" failed="0" skipped="0">
  <reporter-output>
  </reporter-output>
  <suite started-at="2023-01-26T03:35:25 EST" name="Default suite" finished-at="2023-01-26T03:35:27 EST" duration-ms="1413">
    <groups>
    </groups>
    <test started-at="2023-01-26T03:35:25 EST" name="Default test" finished-at="2023-01-26T03:35:27 EST" duration-ms="1413">
      <class name="com.artoftesting.test.SauceDemoLoginTest">
        <test-method is-config="true" signature="suiteSetup()[pri:0, instance:com.artoftesting.test.SauceDemoLoginTest@a3d9978]" started-at="2023-01-26T03:35:24 EST" name="suiteSetup" finished-at="2023-01-26T03:35:25 EST" duration-ms="1405" status="PASS">
          <reporter-output>
          </reporter-output>
        </test-method> <!-- suiteSetup -->
        <test-method is-config="true" signature="loadBaseUrl(java.lang.reflect.Method)[pri:0, instance:com.artoftesting.test.SauceDemoLoginTest@a3d9978]" started-at="2023-01-26T03:35:25 EST" name="loadBaseUrl" finished-at="2023-01-26T03:35:26 EST" duration-ms="445" status="PASS">
          <params>
            <param index="0">
              <value>
                <![CDATA[public void com.artoftesting.test.SauceDemoLoginTest.loginTest()]]>
              </value>
            </param>
          </params>
          <reporter-output>
          </reporter-output>
        </test-method> <!-- loadBaseUrl -->
        <test-method signature="loginTest()[pri:0, instance:com.artoftesting.test.SauceDemoLoginTest@a3d9978]" started-at="2023-01-26T03:35:26 EST" name="loginTest" finished-at="2023-01-26T03:35:26 EST" duration-ms="420" status="PASS">
          <reporter-output>
          </reporter-output>
        </test-method> <!-- loginTest -->
        <test-method is-config="true" signature="screenshotAndDeleteCookies(org.testng.ITestResult)[pri:0, instance:com.artoftesting.test.SauceDemoLoginTest@a3d9978]" started-at="2023-01-26T03:35:26 EST" name="screenshotAndDeleteCookies" finished-at="2023-01-26T03:35:26 EST" duration-ms="15" status="PASS">
          <params>
            <param index="0">
              <value>
                <![CDATA[[TestResult name=loginTest status=SUCCESS method=SauceDemoLoginTest.loginTest()[pri:0, instance:com.artoftesting.test.SauceDemoLoginTest@a3d9978] output={null}]]]>
              </value>
            </param>
          </params>
          <reporter-output>
          </reporter-output>
        </test-method> <!-- screenshotAndDeleteCookies -->
        <test-method is-config="true" signature="loadBaseUrl(java.lang.reflect.Method)[pri:0, instance:com.artoftesting.test.SauceDemoLoginTest@a3d9978]" started-at="2023-01-26T03:35:26 EST" name="loadBaseUrl" finished-at="2023-01-26T03:35:26 EST" duration-ms="77" status="PASS">
          <params>
            <param index="0">
              <value>
                <![CDATA[public void com.artoftesting.test.SauceDemoLoginTest.tempTest(java.lang.String,java.lang.String)]]>
              </value>
            </param>
          </params>
          <reporter-output>
          </reporter-output>
        </test-method> <!-- loadBaseUrl -->
        <test-method signature="tempTest(java.lang.String,java.lang.String)[pri:0, instance:com.artoftesting.test.SauceDemoLoginTest@a3d9978]" started-at="2023-01-26T03:35:26 EST" name="tempTest" data-provider="tempTestData" finished-at="2023-01-26T03:35:26 EST" duration-ms="7" status="PASS">
          <params>
            <param index="0">
              <value>
                <![CDATA[user1]]>
              </value>
            </param>
            <param index="1">
              <value>
                <![CDATA[pwd1]]>
              </value>
            </param>
          </params>
          <reporter-output>
          </reporter-output>
        </test-method> <!-- tempTest -->
        <test-method is-config="true" signature="screenshotAndDeleteCookies(org.testng.ITestResult)[pri:0, instance:com.artoftesting.test.SauceDemoLoginTest@a3d9978]" started-at="2023-01-26T03:35:26 EST" name="screenshotAndDeleteCookies" finished-at="2023-01-26T03:35:26 EST" duration-ms="15" status="PASS">
          <params>
            <param index="0">
              <value>
                <![CDATA[[TestResult name=tempTest status=SUCCESS method=SauceDemoLoginTest.tempTest(java.lang.String,java.lang.String)[pri:0, instance:com.artoftesting.test.SauceDemoLoginTest@a3d9978] output={null}]]]>
              </value>
            </param>
          </params>
          <reporter-output>
          </reporter-output>
        </test-method> <!-- screenshotAndDeleteCookies -->
        <test-method is-config="true" signature="loadBaseUrl(java.lang.reflect.Method)[pri:0, instance:com.artoftesting.test.SauceDemoLoginTest@a3d9978]" started-at="2023-01-26T03:35:26 EST" name="loadBaseUrl" finished-at="2023-01-26T03:35:27 EST" duration-ms="77" status="PASS">
          <params>
            <param index="0">
              <value>
                <![CDATA[public void com.artoftesting.test.SauceDemoLoginTest.tempTest(java.lang.String,java.lang.String)]]>
              </value>
            </param>
          </params>
          <reporter-output>
          </reporter-output>
        </test-method> <!-- loadBaseUrl -->
        <test-method signature="tempTest(java.lang.String,java.lang.String)[pri:0, instance:com.artoftesting.test.SauceDemoLoginTest@a3d9978]" started-at="2023-01-26T03:35:27 EST" name="tempTest" data-provider="tempTestData" finished-at="2023-01-26T03:35:27 EST" duration-ms="1" status="PASS">
          <params>
            <param index="0">
              <value>
                <![CDATA[user2]]>
              </value>
            </param>
            <param index="1">
              <value>
                <![CDATA[pwd2]]>
              </value>
            </param>
          </params>
          <reporter-output>
          </reporter-output>
        </test-method> <!-- tempTest -->
        <test-method is-config="true" signature="screenshotAndDeleteCookies(org.testng.ITestResult)[pri:0, instance:com.artoftesting.test.SauceDemoLoginTest@a3d9978]" started-at="2023-01-26T03:35:27 EST" name="screenshotAndDeleteCookies" finished-at="2023-01-26T03:35:27 EST" duration-ms="10" status="PASS">
          <params>
            <param index="0">
              <value>
                <![CDATA[[TestResult name=tempTest status=SUCCESS method=SauceDemoLoginTest.tempTest(java.lang.String,java.lang.String)[pri:0, instance:com.artoftesting.test.SauceDemoLoginTest@a3d9978] output={null}]]]>
              </value>
            </param>
          </params>
          <reporter-output>
          </reporter-output>
        </test-method> <!-- screenshotAndDeleteCookies -->
        <test-method is-config="true" signature="suiteTearDown()[pri:0, instance:com.artoftesting.test.SauceDemoLoginTest@a3d9978]" started-at="2023-01-26T03:35:27 EST" name="suiteTearDown" finished-at="2023-01-26T03:35:27 EST" duration-ms="237" status="PASS">
          <reporter-output>
          </reporter-output>
        </test-method> <!-- suiteTearDown -->
      </class> <!-- com.artoftesting.test.SauceDemoLoginTest -->
    </test> <!-- Default test -->
  </suite> <!-- Default suite -->
</testng-results>
